<?xml version="1.0" encoding="UTF-8"?>
<!-- Generated by org.testng.reporters.JUnitReportReporter -->
<testsuite hostname="LAPTOP-E7G7KM83" failures="0" tests="1" name="FirstPackage.Org" time="5.047" errors="0" timestamp="2024-03-22T11:42:44 IST" skipped="0">
  <testcase classname="FirstPackage.Org" name="loginTest" time="5.047"/>
  <system-out/>
</testsuite> <!-- FirstPackage.Org -->
